<?xml version="1.0" encoding="UTF-8"?>
<testsuite xmlns:xsi="http://www.w3.org/2001/XMLSchema-instance" xsi:noNamespaceSchemaLocation="https://maven.apache.org/surefire/maven-surefire-plugin/xsd/surefire-test-report-3.0.xsd" version="3.0" name="allaboutecm.model.MusicianInstrumentTest" time="0.001" tests="1" errors="0" skipped="0" failures="0">
  <properties>
    <property name="gopherProxySet" value="false"/>
    <property name="awt.toolkit" value="sun.lwawt.macosx.LWCToolkit"/>
    <property name="file.encoding.pkg" value="sun.io"/>
    <property name="java.specification.version" value="1.8"/>
    <property name="sun.cpu.isalist" value=""/>
    <property name="sun.jnu.encoding" value="UTF-8"/>
    <property name="java.class.path" value="/Users/farhadullahrezwan/Desktop/GitHUBRoot.nosync/fit5171_2020_05/assignment2/target/test-classes:/Users/farhadullahrezwan/Desktop/GitHUBRoot.nosync/fit5171_2020_05/assignment2/target/classes:/Users/farhadullahrezwan/.m2/repository/org/junit/jupiter/junit-jupiter-engine/5.6.0/junit-jupiter-engine-5.6.0.jar:/Users/farhadullahrezwan/.m2/repository/org/apiguardian/apiguardian-api/1.1.0/apiguardian-api-1.1.0.jar:/Users/farhadullahrezwan/.m2/repository/org/junit/platform/junit-platform-engine/1.6.0/junit-platform-engine-1.6.0.jar:/Users/farhadullahrezwan/.m2/repository/org/opentest4j/opentest4j/1.2.0/opentest4j-1.2.0.jar:/Users/farhadullahrezwan/.m2/repository/org/junit/platform/junit-platform-commons/1.6.0/junit-platform-commons-1.6.0.jar:/Users/farhadullahrezwan/.m2/repository/org/junit/jupiter/junit-jupiter-api/5.6.0/junit-jupiter-api-5.6.0.jar:/Users/farhadullahrezwan/.m2/repository/org/junit/jupiter/junit-jupiter-params/5.6.0/junit-jupiter-params-5.6.0.jar:/Users/farhadullahrezwan/.m2/repository/com/google/guava/guava/28.2-jre/guava-28.2-jre.jar:/Users/farhadullahrezwan/.m2/repository/com/google/guava/failureaccess/1.0.1/failureaccess-1.0.1.jar:/Users/farhadullahrezwan/.m2/repository/com/google/guava/listenablefuture/9999.0-empty-to-avoid-conflict-with-guava/listenablefuture-9999.0-empty-to-avoid-conflict-with-guava.jar:/Users/farhadullahrezwan/.m2/repository/com/google/code/findbugs/jsr305/3.0.2/jsr305-3.0.2.jar:/Users/farhadullahrezwan/.m2/repository/org/checkerframework/checker-qual/2.10.0/checker-qual-2.10.0.jar:/Users/farhadullahrezwan/.m2/repository/com/google/errorprone/error_prone_annotations/2.3.4/error_prone_annotations-2.3.4.jar:/Users/farhadullahrezwan/.m2/repository/com/google/j2objc/j2objc-annotations/1.3/j2objc-annotations-1.3.jar:/Users/farhadullahrezwan/.m2/repository/org/apache/commons/commons-lang3/3.10/commons-lang3-3.10.jar:/Users/farhadullahrezwan/.m2/repository/org/apache/commons/commons-csv/1.8/commons-csv-1.8.jar:/Users/farhadullahrezwan/.m2/repository/org/neo4j/neo4j/3.5.17/neo4j-3.5.17.jar:/Users/farhadullahrezwan/.m2/repository/org/neo4j/neo4j-kernel/3.5.17/neo4j-kernel-3.5.17.jar:/Users/farhadullahrezwan/.m2/repository/org/neo4j/neo4j-annotation-processors/3.5.17/neo4j-annotation-processors-3.5.17.jar:/Users/farhadullahrezwan/.m2/repository/org/neo4j/neo4j-graphdb-api/3.5.17/neo4j-graphdb-api-3.5.17.jar:/Users/farhadullahrezwan/.m2/repository/org/neo4j/neo4j-resource/3.5.17/neo4j-resource-3.5.17.jar:/Users/farhadullahrezwan/.m2/repository/org/neo4j/neo4j-procedure-api/3.5.17/neo4j-procedure-api-3.5.17.jar:/Users/farhadullahrezwan/.m2/repository/org/neo4j/neo4j-kernel-api/3.5.17/neo4j-kernel-api-3.5.17.jar:/Users/farhadullahrezwan/.m2/repository/org/neo4j/neo4j-diagnostics/3.5.17/neo4j-diagnostics-3.5.17.jar:/Users/farhadullahrezwan/.m2/repository/org/neo4j/neo4j-common/3.5.17/neo4j-common-3.5.17.jar:/Users/farhadullahrezwan/.m2/repository/org/neo4j/neo4j-values/3.5.17/neo4j-values-3.5.17.jar:/Users/farhadullahrezwan/.m2/repository/org/neo4j/neo4j-collections/3.5.17/neo4j-collections-3.5.17.jar:/Users/farhadullahrezwan/.m2/repository/org/neo4j/neo4j-io/3.5.17/neo4j-io-3.5.17.jar:/Users/farhadullahrezwan/.m2/repository/org/neo4j/neo4j-unsafe/3.5.17/neo4j-unsafe-3.5.17.jar:/Users/farhadullahrezwan/.m2/repository/org/neo4j/neo4j-concurrent/3.5.17/neo4j-concurrent-3.5.17.jar:/Users/farhadullahrezwan/.m2/repository/org/neo4j/neo4j-csv/3.5.17/neo4j-csv-3.5.17.jar:/Users/farhadullahrezwan/.m2/repository/org/neo4j/neo4j-logging/3.5.17/neo4j-logging-3.5.17.jar:/Users/farhadullahrezwan/.m2/repository/org/neo4j/neo4j-lucene-upgrade/3.5.17/neo4j-lucene-upgrade-3.5.17.jar:/Users/farhadullahrezwan/.m2/repository/org/apache/lucene/lucene-core/5.5.5/lucene-core-5.5.5.jar:/Users/farhadullahrezwan/.m2/repository/org/neo4j/neo4j-configuration/3.5.17/neo4j-configuration-3.5.17.jar:/Users/farhadullahrezwan/.m2/repository/org/neo4j/neo4j-index/3.5.17/neo4j-index-3.5.17.jar:/Users/farhadullahrezwan/.m2/repository/org/neo4j/neo4j-spatial-index/3.5.17/neo4j-spatial-index-3.5.17.jar:/Users/farhadullahrezwan/.m2/repository/org/neo4j/neo4j-ssl/3.5.17/neo4j-ssl-3.5.17.jar:/Users/farhadullahrezwan/.m2/repository/org/eclipse/collections/eclipse-collections/9.2.0/eclipse-collections-9.2.0.jar:/Users/farhadullahrezwan/.m2/repository/org/eclipse/collections/eclipse-collections-api/9.2.0/eclipse-collections-api-9.2.0.jar:/Users/farhadullahrezwan/.m2/repository/org/neo4j/neo4j-lucene-index/3.5.17/neo4j-lucene-index-3.5.17.jar:/Users/farhadullahrezwan/.m2/repository/org/apache/lucene/lucene-analyzers-common/5.5.5/lucene-analyzers-common-5.5.5.jar:/Users/farhadullahrezwan/.m2/repository/org/apache/lucene/lucene-queryparser/5.5.5/lucene-queryparser-5.5.5.jar:/Users/farhadullahrezwan/.m2/repository/org/apache/lucene/lucene-codecs/5.5.5/lucene-codecs-5.5.5.jar:/Users/farhadullahrezwan/.m2/repository/org/neo4j/neo4j-fulltext-index/3.5.17/neo4j-fulltext-index-3.5.17.jar:/Users/farhadullahrezwan/.m2/repository/org/neo4j/neo4j-graph-algo/3.5.17/neo4j-graph-algo-3.5.17.jar:/Users/farhadullahrezwan/.m2/repository/org/neo4j/neo4j-udc/3.5.17/neo4j-udc-3.5.17.jar:/Users/farhadullahrezwan/.m2/repository/org/neo4j/neo4j-data-collector/3.5.17/neo4j-data-collector-3.5.17.jar:/Users/farhadullahrezwan/.m2/repository/org/scala-lang/scala-library/2.11.12/scala-library-2.11.12.jar:/Users/farhadullahrezwan/.m2/repository/org/scala-lang/scala-reflect/2.11.12/scala-reflect-2.11.12.jar:/Users/farhadullahrezwan/.m2/repository/org/neo4j/neo4j-parser-3.5/3.5.17/neo4j-parser-3.5-3.5.17.jar:/Users/farhadullahrezwan/.m2/repository/org/neo4j/neo4j-ast-3.5/3.5.17/neo4j-ast-3.5-3.5.17.jar:/Users/farhadullahrezwan/.m2/repository/org/neo4j/neo4j-expressions-3.5/3.5.17/neo4j-expressions-3.5-3.5.17.jar:/Users/farhadullahrezwan/.m2/repository/org/neo4j/neo4j-rewriting-3.5/3.5.17/neo4j-rewriting-3.5-3.5.17.jar:/Users/farhadullahrezwan/.m2/repository/org/neo4j/neo4j-cypher/3.5.17/neo4j-cypher-3.5.17.jar:/Users/farhadullahrezwan/.m2/repository/org/neo4j/neo4j-graph-matching/3.1.9/neo4j-graph-matching-3.1.9.jar:/Users/farhadullahrezwan/.m2/repository/org/neo4j/neo4j-codegen/3.5.17/neo4j-codegen-3.5.17.jar:/Users/farhadullahrezwan/.m2/repository/org/ow2/asm/asm/6.2/asm-6.2.jar:/Users/farhadullahrezwan/.m2/repository/org/ow2/asm/asm-util/6.2/asm-util-6.2.jar:/Users/farhadullahrezwan/.m2/repository/org/ow2/asm/asm-analysis/6.2/asm-analysis-6.2.jar:/Users/farhadullahrezwan/.m2/repository/org/ow2/asm/asm-tree/6.2/asm-tree-6.2.jar:/Users/farhadullahrezwan/.m2/repository/org/apache/commons/commons-text/1.4/commons-text-1.4.jar:/Users/farhadullahrezwan/.m2/repository/org/neo4j/neo4j-cypher-compiler-2.3/2.3.12/neo4j-cypher-compiler-2.3-2.3.12.jar:/Users/farhadullahrezwan/.m2/repository/org/neo4j/neo4j-cypher-frontend-2.3/2.3.12/neo4j-cypher-frontend-2.3-2.3.12.jar:/Users/farhadullahrezwan/.m2/repository/com/googlecode/concurrentlinkedhashmap/concurrentlinkedhashmap-lru/1.4.2/concurrentlinkedhashmap-lru-1.4.2.jar:/Users/farhadullahrezwan/.m2/repository/org/neo4j/neo4j-cypher-compiler-3.1/3.1.9/neo4j-cypher-compiler-3.1-3.1.9.jar:/Users/farhadullahrezwan/.m2/repository/org/neo4j/neo4j-cypher-frontend-3.1/3.1.9/neo4j-cypher-frontend-3.1-3.1.9.jar:/Users/farhadullahrezwan/.m2/repository/com/github/ben-manes/caffeine/caffeine/2.3.3/caffeine-2.3.3.jar:/Users/farhadullahrezwan/.m2/repository/org/neo4j/neo4j-cypher-planner-3.4/3.4.17/neo4j-cypher-planner-3.4-3.4.17.jar:/Users/farhadullahrezwan/.m2/repository/org/neo4j/openCypher-frontend-1/3.4.17/openCypher-frontend-1-3.4.17.jar:/Users/farhadullahrezwan/.m2/repository/org/neo4j/neo4j-cypher-util-3.4/3.4.17/neo4j-cypher-util-3.4-3.4.17.jar:/Users/farhadullahrezwan/.m2/repository/org/neo4j/neo4j-cypher-expression-3.4/3.4.17/neo4j-cypher-expression-3.4-3.4.17.jar:/Users/farhadullahrezwan/.m2/repository/org/neo4j/neo4j-cypher-ir-3.4/3.4.17/neo4j-cypher-ir-3.4-3.4.17.jar:/Users/farhadullahrezwan/.m2/repository/org/neo4j/neo4j-cypher-logical-plans-3.4/3.4.17/neo4j-cypher-logical-plans-3.4-3.4.17.jar:/Users/farhadullahrezwan/.m2/repository/org/neo4j/neo4j-cypher-planner-spi-3.4/3.4.17/neo4j-cypher-planner-spi-3.4-3.4.17.jar:/Users/farhadullahrezwan/.m2/repository/org/neo4j/neo4j-legacy/3.5.17/neo4j-legacy-3.5.17.jar:/Users/farhadullahrezwan/.m2/repository/org/neo4j/neo4j-util-3.5/3.5.17/neo4j-util-3.5-3.5.17.jar:/Users/farhadullahrezwan/.m2/repository/org/neo4j/neo4j-cypher-planner-3.5/3.5.17/neo4j-cypher-planner-3.5-3.5.17.jar:/Users/farhadullahrezwan/.m2/repository/org/neo4j/neo4j-cypher-ir-3.5/3.5.17/neo4j-cypher-ir-3.5-3.5.17.jar:/Users/farhadullahrezwan/.m2/repository/org/neo4j/neo4j-front-end-3.5/3.5.17/neo4j-front-end-3.5-3.5.17.jar:/Users/farhadullahrezwan/.m2/repository/org/neo4j/neo4j-cypher-logical-plans-3.5/3.5.17/neo4j-cypher-logical-plans-3.5-3.5.17.jar:/Users/farhadullahrezwan/.m2/repository/org/neo4j/neo4j-cypher-planner-spi-3.5/3.5.17/neo4j-cypher-planner-spi-3.5-3.5.17.jar:/Users/farhadullahrezwan/.m2/repository/org/neo4j/neo4j-cypher-runtime-util/3.5.17/neo4j-cypher-runtime-util-3.5.17.jar:/Users/farhadullahrezwan/.m2/repository/org/neo4j/neo4j-cypher-interpreted-runtime/3.5.17/neo4j-cypher-interpreted-runtime-3.5.17.jar:/Users/farhadullahrezwan/.m2/repository/org/parboiled/parboiled-scala_2.11/1.1.7/parboiled-scala_2.11-1.1.7.jar:/Users/farhadullahrezwan/.m2/repository/org/parboiled/parboiled-core/1.1.7/parboiled-core-1.1.7.jar:/Users/farhadullahrezwan/.m2/repository/net/sf/opencsv/opencsv/2.3/opencsv-2.3.jar:/Users/farhadullahrezwan/.m2/repository/org/neo4j/neo4j-jmx/3.5.17/neo4j-jmx-3.5.17.jar:/Users/farhadullahrezwan/.m2/repository/org/neo4j/neo4j-bolt/3.5.17/neo4j-bolt-3.5.17.jar:/Users/farhadullahrezwan/.m2/repository/io/netty/netty-all/4.1.48.Final/netty-all-4.1.48.Final.jar:/Users/farhadullahrezwan/.m2/repository/org/bouncycastle/bcpkix-jdk15on/1.64/bcpkix-jdk15on-1.64.jar:/Users/farhadullahrezwan/.m2/repository/org/bouncycastle/bcprov-jdk15on/1.64/bcprov-jdk15on-1.64.jar:/Users/farhadullahrezwan/.m2/repository/org/neo4j/neo4j-consistency-check/3.5.17/neo4j-consistency-check-3.5.17.jar:/Users/farhadullahrezwan/.m2/repository/org/neo4j/neo4j-command-line/3.5.17/neo4j-command-line-3.5.17.jar:/Users/farhadullahrezwan/.m2/repository/org/neo4j/neo4j-dbms/3.5.17/neo4j-dbms-3.5.17.jar:/Users/farhadullahrezwan/.m2/repository/org/neo4j/neo4j-import-tool/3.5.17/neo4j-import-tool-3.5.17.jar:/Users/farhadullahrezwan/.m2/repository/org/jprocesses/jProcesses/1.6.4/jProcesses-1.6.4.jar:/Users/farhadullahrezwan/.m2/repository/com/profesorfalken/WMI4Java/1.6.1/WMI4Java-1.6.1.jar:/Users/farhadullahrezwan/.m2/repository/com/profesorfalken/jPowerShell/1.9/jPowerShell-1.9.jar:/Users/farhadullahrezwan/.m2/repository/org/apache/commons/commons-compress/1.19/commons-compress-1.19.jar:/Users/farhadullahrezwan/.m2/repository/org/neo4j/licensing-proxy/zstd-proxy/3.5.17/zstd-proxy-3.5.17.jar:/Users/farhadullahrezwan/.m2/repository/com/github/luben/zstd-jni/1.3.8-6/zstd-jni-1.3.8-6.jar:/Library/Java/JavaVirtualMachines/jdk1.8.0_241.jdk/Contents/Home/jre/../lib/tools.jar:/Users/farhadullahrezwan/.m2/repository/org/neo4j/driver/neo4j-java-driver/1.7.5/neo4j-java-driver-1.7.5.jar:/Users/farhadullahrezwan/.m2/repository/org/neo4j/neo4j-ogm-core/3.2.10/neo4j-ogm-core-3.2.10.jar:/Users/farhadullahrezwan/.m2/repository/org/neo4j/neo4j-ogm-api/3.2.10/neo4j-ogm-api-3.2.10.jar:/Users/farhadullahrezwan/.m2/repository/com/fasterxml/jackson/core/jackson-databind/2.9.9/jackson-databind-2.9.9.jar:/Users/farhadullahrezwan/.m2/repository/com/fasterxml/jackson/core/jackson-annotations/2.9.0/jackson-annotations-2.9.0.jar:/Users/farhadullahrezwan/.m2/repository/com/fasterxml/jackson/core/jackson-core/2.9.9/jackson-core-2.9.9.jar:/Users/farhadullahrezwan/.m2/repository/com/fasterxml/jackson/datatype/jackson-datatype-jdk8/2.9.9/jackson-datatype-jdk8-2.9.9.jar:/Users/farhadullahrezwan/.m2/repository/com/fasterxml/jackson/datatype/jackson-datatype-jsr310/2.9.9/jackson-datatype-jsr310-2.9.9.jar:/Users/farhadullahrezwan/.m2/repository/io/github/classgraph/classgraph/4.8.64/classgraph-4.8.64.jar:/Users/farhadullahrezwan/.m2/repository/org/neo4j/neo4j-ogm-embedded-driver/3.2.10/neo4j-ogm-embedded-driver-3.2.10.jar:/Users/farhadullahrezwan/.m2/repository/org/neo4j/neo4j-ogm-http-driver/3.2.10/neo4j-ogm-http-driver-3.2.10.jar:/Users/farhadullahrezwan/.m2/repository/org/apache/httpcomponents/httpclient/4.5.11/httpclient-4.5.11.jar:/Users/farhadullahrezwan/.m2/repository/org/apache/httpcomponents/httpcore/4.4.13/httpcore-4.4.13.jar:/Users/farhadullahrezwan/.m2/repository/commons-logging/commons-logging/1.2/commons-logging-1.2.jar:/Users/farhadullahrezwan/.m2/repository/commons-codec/commons-codec/1.11/commons-codec-1.11.jar:/Users/farhadullahrezwan/.m2/repository/org/apache/logging/log4j/log4j-api/2.13.1/log4j-api-2.13.1.jar:/Users/farhadullahrezwan/.m2/repository/org/apache/logging/log4j/log4j-core/2.13.1/log4j-core-2.13.1.jar:/Users/farhadullahrezwan/.m2/repository/org/apache/logging/log4j/log4j-slf4j-impl/2.13.1/log4j-slf4j-impl-2.13.1.jar:/Users/farhadullahrezwan/.m2/repository/org/slf4j/slf4j-api/1.7.25/slf4j-api-1.7.25.jar:/Users/farhadullahrezwan/.m2/repository/org/mockito/mockito-core/3.3.3/mockito-core-3.3.3.jar:/Users/farhadullahrezwan/.m2/repository/net/bytebuddy/byte-buddy/1.10.5/byte-buddy-1.10.5.jar:/Users/farhadullahrezwan/.m2/repository/net/bytebuddy/byte-buddy-agent/1.10.5/byte-buddy-agent-1.10.5.jar:/Users/farhadullahrezwan/.m2/repository/org/objenesis/objenesis/2.6/objenesis-2.6.jar:"/>
    <property name="java.vm.vendor" value="Oracle Corporation"/>
    <property name="sun.arch.data.model" value="64"/>
    <property name="java.vendor.url" value="http://java.oracle.com/"/>
    <property name="user.timezone" value="Australia/Melbourne"/>
    <property name="java.vm.specification.version" value="1.8"/>
    <property name="os.name" value="Mac OS X"/>
    <property name="user.country" value="AU"/>
    <property name="sun.java.launcher" value="SUN_STANDARD"/>
    <property name="sun.boot.library.path" value="/Library/Java/JavaVirtualMachines/jdk1.8.0_241.jdk/Contents/Home/jre/lib"/>
    <property name="sun.java.command" value="/Users/farhadullahrezwan/Desktop/GitHUBRoot.nosync/fit5171_2020_05/assignment2/target/surefire/surefirebooter966325329948398832.jar /Users/farhadullahrezwan/Desktop/GitHUBRoot.nosync/fit5171_2020_05/assignment2/target/surefire 2020-05-05T20-55-44_613-jvmRun1 surefire3653430969553987782tmp surefire_04657923309676812780tmp"/>
    <property name="http.nonProxyHosts" value="local|*.local|169.254/16|*.169.254/16"/>
    <property name="surefire.test.class.path" value="/Users/farhadullahrezwan/Desktop/GitHUBRoot.nosync/fit5171_2020_05/assignment2/target/test-classes:/Users/farhadullahrezwan/Desktop/GitHUBRoot.nosync/fit5171_2020_05/assignment2/target/classes:/Users/farhadullahrezwan/.m2/repository/org/junit/jupiter/junit-jupiter-engine/5.6.0/junit-jupiter-engine-5.6.0.jar:/Users/farhadullahrezwan/.m2/repository/org/apiguardian/apiguardian-api/1.1.0/apiguardian-api-1.1.0.jar:/Users/farhadullahrezwan/.m2/repository/org/junit/platform/junit-platform-engine/1.6.0/junit-platform-engine-1.6.0.jar:/Users/farhadullahrezwan/.m2/repository/org/opentest4j/opentest4j/1.2.0/opentest4j-1.2.0.jar:/Users/farhadullahrezwan/.m2/repository/org/junit/platform/junit-platform-commons/1.6.0/junit-platform-commons-1.6.0.jar:/Users/farhadullahrezwan/.m2/repository/org/junit/jupiter/junit-jupiter-api/5.6.0/junit-jupiter-api-5.6.0.jar:/Users/farhadullahrezwan/.m2/repository/org/junit/jupiter/junit-jupiter-params/5.6.0/junit-jupiter-params-5.6.0.jar:/Users/farhadullahrezwan/.m2/repository/com/google/guava/guava/28.2-jre/guava-28.2-jre.jar:/Users/farhadullahrezwan/.m2/repository/com/google/guava/failureaccess/1.0.1/failureaccess-1.0.1.jar:/Users/farhadullahrezwan/.m2/repository/com/google/guava/listenablefuture/9999.0-empty-to-avoid-conflict-with-guava/listenablefuture-9999.0-empty-to-avoid-conflict-with-guava.jar:/Users/farhadullahrezwan/.m2/repository/com/google/code/findbugs/jsr305/3.0.2/jsr305-3.0.2.jar:/Users/farhadullahrezwan/.m2/repository/org/checkerframework/checker-qual/2.10.0/checker-qual-2.10.0.jar:/Users/farhadullahrezwan/.m2/repository/com/google/errorprone/error_prone_annotations/2.3.4/error_prone_annotations-2.3.4.jar:/Users/farhadullahrezwan/.m2/repository/com/google/j2objc/j2objc-annotations/1.3/j2objc-annotations-1.3.jar:/Users/farhadullahrezwan/.m2/repository/org/apache/commons/commons-lang3/3.10/commons-lang3-3.10.jar:/Users/farhadullahrezwan/.m2/repository/org/apache/commons/commons-csv/1.8/commons-csv-1.8.jar:/Users/farhadullahrezwan/.m2/repository/org/neo4j/neo4j/3.5.17/neo4j-3.5.17.jar:/Users/farhadullahrezwan/.m2/repository/org/neo4j/neo4j-kernel/3.5.17/neo4j-kernel-3.5.17.jar:/Users/farhadullahrezwan/.m2/repository/org/neo4j/neo4j-annotation-processors/3.5.17/neo4j-annotation-processors-3.5.17.jar:/Users/farhadullahrezwan/.m2/repository/org/neo4j/neo4j-graphdb-api/3.5.17/neo4j-graphdb-api-3.5.17.jar:/Users/farhadullahrezwan/.m2/repository/org/neo4j/neo4j-resource/3.5.17/neo4j-resource-3.5.17.jar:/Users/farhadullahrezwan/.m2/repository/org/neo4j/neo4j-procedure-api/3.5.17/neo4j-procedure-api-3.5.17.jar:/Users/farhadullahrezwan/.m2/repository/org/neo4j/neo4j-kernel-api/3.5.17/neo4j-kernel-api-3.5.17.jar:/Users/farhadullahrezwan/.m2/repository/org/neo4j/neo4j-diagnostics/3.5.17/neo4j-diagnostics-3.5.17.jar:/Users/farhadullahrezwan/.m2/repository/org/neo4j/neo4j-common/3.5.17/neo4j-common-3.5.17.jar:/Users/farhadullahrezwan/.m2/repository/org/neo4j/neo4j-values/3.5.17/neo4j-values-3.5.17.jar:/Users/farhadullahrezwan/.m2/repository/org/neo4j/neo4j-collections/3.5.17/neo4j-collections-3.5.17.jar:/Users/farhadullahrezwan/.m2/repository/org/neo4j/neo4j-io/3.5.17/neo4j-io-3.5.17.jar:/Users/farhadullahrezwan/.m2/repository/org/neo4j/neo4j-unsafe/3.5.17/neo4j-unsafe-3.5.17.jar:/Users/farhadullahrezwan/.m2/repository/org/neo4j/neo4j-concurrent/3.5.17/neo4j-concurrent-3.5.17.jar:/Users/farhadullahrezwan/.m2/repository/org/neo4j/neo4j-csv/3.5.17/neo4j-csv-3.5.17.jar:/Users/farhadullahrezwan/.m2/repository/org/neo4j/neo4j-logging/3.5.17/neo4j-logging-3.5.17.jar:/Users/farhadullahrezwan/.m2/repository/org/neo4j/neo4j-lucene-upgrade/3.5.17/neo4j-lucene-upgrade-3.5.17.jar:/Users/farhadullahrezwan/.m2/repository/org/apache/lucene/lucene-core/5.5.5/lucene-core-5.5.5.jar:/Users/farhadullahrezwan/.m2/repository/org/neo4j/neo4j-configuration/3.5.17/neo4j-configuration-3.5.17.jar:/Users/farhadullahrezwan/.m2/repository/org/neo4j/neo4j-index/3.5.17/neo4j-index-3.5.17.jar:/Users/farhadullahrezwan/.m2/repository/org/neo4j/neo4j-spatial-index/3.5.17/neo4j-spatial-index-3.5.17.jar:/Users/farhadullahrezwan/.m2/repository/org/neo4j/neo4j-ssl/3.5.17/neo4j-ssl-3.5.17.jar:/Users/farhadullahrezwan/.m2/repository/org/eclipse/collections/eclipse-collections/9.2.0/eclipse-collections-9.2.0.jar:/Users/farhadullahrezwan/.m2/repository/org/eclipse/collections/eclipse-collections-api/9.2.0/eclipse-collections-api-9.2.0.jar:/Users/farhadullahrezwan/.m2/repository/org/neo4j/neo4j-lucene-index/3.5.17/neo4j-lucene-index-3.5.17.jar:/Users/farhadullahrezwan/.m2/repository/org/apache/lucene/lucene-analyzers-common/5.5.5/lucene-analyzers-common-5.5.5.jar:/Users/farhadullahrezwan/.m2/repository/org/apache/lucene/lucene-queryparser/5.5.5/lucene-queryparser-5.5.5.jar:/Users/farhadullahrezwan/.m2/repository/org/apache/lucene/lucene-codecs/5.5.5/lucene-codecs-5.5.5.jar:/Users/farhadullahrezwan/.m2/repository/org/neo4j/neo4j-fulltext-index/3.5.17/neo4j-fulltext-index-3.5.17.jar:/Users/farhadullahrezwan/.m2/repository/org/neo4j/neo4j-graph-algo/3.5.17/neo4j-graph-algo-3.5.17.jar:/Users/farhadullahrezwan/.m2/repository/org/neo4j/neo4j-udc/3.5.17/neo4j-udc-3.5.17.jar:/Users/farhadullahrezwan/.m2/repository/org/neo4j/neo4j-data-collector/3.5.17/neo4j-data-collector-3.5.17.jar:/Users/farhadullahrezwan/.m2/repository/org/scala-lang/scala-library/2.11.12/scala-library-2.11.12.jar:/Users/farhadullahrezwan/.m2/repository/org/scala-lang/scala-reflect/2.11.12/scala-reflect-2.11.12.jar:/Users/farhadullahrezwan/.m2/repository/org/neo4j/neo4j-parser-3.5/3.5.17/neo4j-parser-3.5-3.5.17.jar:/Users/farhadullahrezwan/.m2/repository/org/neo4j/neo4j-ast-3.5/3.5.17/neo4j-ast-3.5-3.5.17.jar:/Users/farhadullahrezwan/.m2/repository/org/neo4j/neo4j-expressions-3.5/3.5.17/neo4j-expressions-3.5-3.5.17.jar:/Users/farhadullahrezwan/.m2/repository/org/neo4j/neo4j-rewriting-3.5/3.5.17/neo4j-rewriting-3.5-3.5.17.jar:/Users/farhadullahrezwan/.m2/repository/org/neo4j/neo4j-cypher/3.5.17/neo4j-cypher-3.5.17.jar:/Users/farhadullahrezwan/.m2/repository/org/neo4j/neo4j-graph-matching/3.1.9/neo4j-graph-matching-3.1.9.jar:/Users/farhadullahrezwan/.m2/repository/org/neo4j/neo4j-codegen/3.5.17/neo4j-codegen-3.5.17.jar:/Users/farhadullahrezwan/.m2/repository/org/ow2/asm/asm/6.2/asm-6.2.jar:/Users/farhadullahrezwan/.m2/repository/org/ow2/asm/asm-util/6.2/asm-util-6.2.jar:/Users/farhadullahrezwan/.m2/repository/org/ow2/asm/asm-analysis/6.2/asm-analysis-6.2.jar:/Users/farhadullahrezwan/.m2/repository/org/ow2/asm/asm-tree/6.2/asm-tree-6.2.jar:/Users/farhadullahrezwan/.m2/repository/org/apache/commons/commons-text/1.4/commons-text-1.4.jar:/Users/farhadullahrezwan/.m2/repository/org/neo4j/neo4j-cypher-compiler-2.3/2.3.12/neo4j-cypher-compiler-2.3-2.3.12.jar:/Users/farhadullahrezwan/.m2/repository/org/neo4j/neo4j-cypher-frontend-2.3/2.3.12/neo4j-cypher-frontend-2.3-2.3.12.jar:/Users/farhadullahrezwan/.m2/repository/com/googlecode/concurrentlinkedhashmap/concurrentlinkedhashmap-lru/1.4.2/concurrentlinkedhashmap-lru-1.4.2.jar:/Users/farhadullahrezwan/.m2/repository/org/neo4j/neo4j-cypher-compiler-3.1/3.1.9/neo4j-cypher-compiler-3.1-3.1.9.jar:/Users/farhadullahrezwan/.m2/repository/org/neo4j/neo4j-cypher-frontend-3.1/3.1.9/neo4j-cypher-frontend-3.1-3.1.9.jar:/Users/farhadullahrezwan/.m2/repository/com/github/ben-manes/caffeine/caffeine/2.3.3/caffeine-2.3.3.jar:/Users/farhadullahrezwan/.m2/repository/org/neo4j/neo4j-cypher-planner-3.4/3.4.17/neo4j-cypher-planner-3.4-3.4.17.jar:/Users/farhadullahrezwan/.m2/repository/org/neo4j/openCypher-frontend-1/3.4.17/openCypher-frontend-1-3.4.17.jar:/Users/farhadullahrezwan/.m2/repository/org/neo4j/neo4j-cypher-util-3.4/3.4.17/neo4j-cypher-util-3.4-3.4.17.jar:/Users/farhadullahrezwan/.m2/repository/org/neo4j/neo4j-cypher-expression-3.4/3.4.17/neo4j-cypher-expression-3.4-3.4.17.jar:/Users/farhadullahrezwan/.m2/repository/org/neo4j/neo4j-cypher-ir-3.4/3.4.17/neo4j-cypher-ir-3.4-3.4.17.jar:/Users/farhadullahrezwan/.m2/repository/org/neo4j/neo4j-cypher-logical-plans-3.4/3.4.17/neo4j-cypher-logical-plans-3.4-3.4.17.jar:/Users/farhadullahrezwan/.m2/repository/org/neo4j/neo4j-cypher-planner-spi-3.4/3.4.17/neo4j-cypher-planner-spi-3.4-3.4.17.jar:/Users/farhadullahrezwan/.m2/repository/org/neo4j/neo4j-legacy/3.5.17/neo4j-legacy-3.5.17.jar:/Users/farhadullahrezwan/.m2/repository/org/neo4j/neo4j-util-3.5/3.5.17/neo4j-util-3.5-3.5.17.jar:/Users/farhadullahrezwan/.m2/repository/org/neo4j/neo4j-cypher-planner-3.5/3.5.17/neo4j-cypher-planner-3.5-3.5.17.jar:/Users/farhadullahrezwan/.m2/repository/org/neo4j/neo4j-cypher-ir-3.5/3.5.17/neo4j-cypher-ir-3.5-3.5.17.jar:/Users/farhadullahrezwan/.m2/repository/org/neo4j/neo4j-front-end-3.5/3.5.17/neo4j-front-end-3.5-3.5.17.jar:/Users/farhadullahrezwan/.m2/repository/org/neo4j/neo4j-cypher-logical-plans-3.5/3.5.17/neo4j-cypher-logical-plans-3.5-3.5.17.jar:/Users/farhadullahrezwan/.m2/repository/org/neo4j/neo4j-cypher-planner-spi-3.5/3.5.17/neo4j-cypher-planner-spi-3.5-3.5.17.jar:/Users/farhadullahrezwan/.m2/repository/org/neo4j/neo4j-cypher-runtime-util/3.5.17/neo4j-cypher-runtime-util-3.5.17.jar:/Users/farhadullahrezwan/.m2/repository/org/neo4j/neo4j-cypher-interpreted-runtime/3.5.17/neo4j-cypher-interpreted-runtime-3.5.17.jar:/Users/farhadullahrezwan/.m2/repository/org/parboiled/parboiled-scala_2.11/1.1.7/parboiled-scala_2.11-1.1.7.jar:/Users/farhadullahrezwan/.m2/repository/org/parboiled/parboiled-core/1.1.7/parboiled-core-1.1.7.jar:/Users/farhadullahrezwan/.m2/repository/net/sf/opencsv/opencsv/2.3/opencsv-2.3.jar:/Users/farhadullahrezwan/.m2/repository/org/neo4j/neo4j-jmx/3.5.17/neo4j-jmx-3.5.17.jar:/Users/farhadullahrezwan/.m2/repository/org/neo4j/neo4j-bolt/3.5.17/neo4j-bolt-3.5.17.jar:/Users/farhadullahrezwan/.m2/repository/io/netty/netty-all/4.1.48.Final/netty-all-4.1.48.Final.jar:/Users/farhadullahrezwan/.m2/repository/org/bouncycastle/bcpkix-jdk15on/1.64/bcpkix-jdk15on-1.64.jar:/Users/farhadullahrezwan/.m2/repository/org/bouncycastle/bcprov-jdk15on/1.64/bcprov-jdk15on-1.64.jar:/Users/farhadullahrezwan/.m2/repository/org/neo4j/neo4j-consistency-check/3.5.17/neo4j-consistency-check-3.5.17.jar:/Users/farhadullahrezwan/.m2/repository/org/neo4j/neo4j-command-line/3.5.17/neo4j-command-line-3.5.17.jar:/Users/farhadullahrezwan/.m2/repository/org/neo4j/neo4j-dbms/3.5.17/neo4j-dbms-3.5.17.jar:/Users/farhadullahrezwan/.m2/repository/org/neo4j/neo4j-import-tool/3.5.17/neo4j-import-tool-3.5.17.jar:/Users/farhadullahrezwan/.m2/repository/org/jprocesses/jProcesses/1.6.4/jProcesses-1.6.4.jar:/Users/farhadullahrezwan/.m2/repository/com/profesorfalken/WMI4Java/1.6.1/WMI4Java-1.6.1.jar:/Users/farhadullahrezwan/.m2/repository/com/profesorfalken/jPowerShell/1.9/jPowerShell-1.9.jar:/Users/farhadullahrezwan/.m2/repository/org/apache/commons/commons-compress/1.19/commons-compress-1.19.jar:/Users/farhadullahrezwan/.m2/repository/org/neo4j/licensing-proxy/zstd-proxy/3.5.17/zstd-proxy-3.5.17.jar:/Users/farhadullahrezwan/.m2/repository/com/github/luben/zstd-jni/1.3.8-6/zstd-jni-1.3.8-6.jar:/Library/Java/JavaVirtualMachines/jdk1.8.0_241.jdk/Contents/Home/jre/../lib/tools.jar:/Users/farhadullahrezwan/.m2/repository/org/neo4j/driver/neo4j-java-driver/1.7.5/neo4j-java-driver-1.7.5.jar:/Users/farhadullahrezwan/.m2/repository/org/neo4j/neo4j-ogm-core/3.2.10/neo4j-ogm-core-3.2.10.jar:/Users/farhadullahrezwan/.m2/repository/org/neo4j/neo4j-ogm-api/3.2.10/neo4j-ogm-api-3.2.10.jar:/Users/farhadullahrezwan/.m2/repository/com/fasterxml/jackson/core/jackson-databind/2.9.9/jackson-databind-2.9.9.jar:/Users/farhadullahrezwan/.m2/repository/com/fasterxml/jackson/core/jackson-annotations/2.9.0/jackson-annotations-2.9.0.jar:/Users/farhadullahrezwan/.m2/repository/com/fasterxml/jackson/core/jackson-core/2.9.9/jackson-core-2.9.9.jar:/Users/farhadullahrezwan/.m2/repository/com/fasterxml/jackson/datatype/jackson-datatype-jdk8/2.9.9/jackson-datatype-jdk8-2.9.9.jar:/Users/farhadullahrezwan/.m2/repository/com/fasterxml/jackson/datatype/jackson-datatype-jsr310/2.9.9/jackson-datatype-jsr310-2.9.9.jar:/Users/farhadullahrezwan/.m2/repository/io/github/classgraph/classgraph/4.8.64/classgraph-4.8.64.jar:/Users/farhadullahrezwan/.m2/repository/org/neo4j/neo4j-ogm-embedded-driver/3.2.10/neo4j-ogm-embedded-driver-3.2.10.jar:/Users/farhadullahrezwan/.m2/repository/org/neo4j/neo4j-ogm-http-driver/3.2.10/neo4j-ogm-http-driver-3.2.10.jar:/Users/farhadullahrezwan/.m2/repository/org/apache/httpcomponents/httpclient/4.5.11/httpclient-4.5.11.jar:/Users/farhadullahrezwan/.m2/repository/org/apache/httpcomponents/httpcore/4.4.13/httpcore-4.4.13.jar:/Users/farhadullahrezwan/.m2/repository/commons-logging/commons-logging/1.2/commons-logging-1.2.jar:/Users/farhadullahrezwan/.m2/repository/commons-codec/commons-codec/1.11/commons-codec-1.11.jar:/Users/farhadullahrezwan/.m2/repository/org/apache/logging/log4j/log4j-api/2.13.1/log4j-api-2.13.1.jar:/Users/farhadullahrezwan/.m2/repository/org/apache/logging/log4j/log4j-core/2.13.1/log4j-core-2.13.1.jar:/Users/farhadullahrezwan/.m2/repository/org/apache/logging/log4j/log4j-slf4j-impl/2.13.1/log4j-slf4j-impl-2.13.1.jar:/Users/farhadullahrezwan/.m2/repository/org/slf4j/slf4j-api/1.7.25/slf4j-api-1.7.25.jar:/Users/farhadullahrezwan/.m2/repository/org/mockito/mockito-core/3.3.3/mockito-core-3.3.3.jar:/Users/farhadullahrezwan/.m2/repository/net/bytebuddy/byte-buddy/1.10.5/byte-buddy-1.10.5.jar:/Users/farhadullahrezwan/.m2/repository/net/bytebuddy/byte-buddy-agent/1.10.5/byte-buddy-agent-1.10.5.jar:/Users/farhadullahrezwan/.m2/repository/org/objenesis/objenesis/2.6/objenesis-2.6.jar:"/>
    <property name="sun.cpu.endian" value="little"/>
    <property name="user.home" value="/Users/farhadullahrezwan"/>
    <property name="user.language" value="en"/>
    <property name="java.specification.vendor" value="Oracle Corporation"/>
    <property name="java.home" value="/Library/Java/JavaVirtualMachines/jdk1.8.0_241.jdk/Contents/Home/jre"/>
    <property name="basedir" value="/Users/farhadullahrezwan/Desktop/GitHUBRoot.nosync/fit5171_2020_05/assignment2"/>
    <property name="file.separator" value="/"/>
    <property name="line.separator" value="&#10;"/>
    <property name="java.vm.specification.vendor" value="Oracle Corporation"/>
    <property name="java.specification.name" value="Java Platform API Specification"/>
    <property name="java.awt.graphicsenv" value="sun.awt.CGraphicsEnvironment"/>
    <property name="surefire.real.class.path" value="/Users/farhadullahrezwan/Desktop/GitHUBRoot.nosync/fit5171_2020_05/assignment2/target/surefire/surefirebooter966325329948398832.jar"/>
    <property name="sun.boot.class.path" value="/Library/Java/JavaVirtualMachines/jdk1.8.0_241.jdk/Contents/Home/jre/lib/resources.jar:/Library/Java/JavaVirtualMachines/jdk1.8.0_241.jdk/Contents/Home/jre/lib/rt.jar:/Library/Java/JavaVirtualMachines/jdk1.8.0_241.jdk/Contents/Home/jre/lib/sunrsasign.jar:/Library/Java/JavaVirtualMachines/jdk1.8.0_241.jdk/Contents/Home/jre/lib/jsse.jar:/Library/Java/JavaVirtualMachines/jdk1.8.0_241.jdk/Contents/Home/jre/lib/jce.jar:/Library/Java/JavaVirtualMachines/jdk1.8.0_241.jdk/Contents/Home/jre/lib/charsets.jar:/Library/Java/JavaVirtualMachines/jdk1.8.0_241.jdk/Contents/Home/jre/lib/jfr.jar:/Library/Java/JavaVirtualMachines/jdk1.8.0_241.jdk/Contents/Home/jre/classes"/>
    <property name="sun.management.compiler" value="HotSpot 64-Bit Tiered Compilers"/>
    <property name="ftp.nonProxyHosts" value="local|*.local|169.254/16|*.169.254/16"/>
    <property name="java.runtime.version" value="1.8.0_241-b07"/>
    <property name="user.name" value="farhadullahrezwan"/>
    <property name="path.separator" value=":"/>
    <property name="os.version" value="10.15.4"/>
    <property name="java.endorsed.dirs" value="/Library/Java/JavaVirtualMachines/jdk1.8.0_241.jdk/Contents/Home/jre/lib/endorsed"/>
    <property name="java.runtime.name" value="Java(TM) SE Runtime Environment"/>
    <property name="file.encoding" value="UTF-8"/>
    <property name="java.vm.name" value="Java HotSpot(TM) 64-Bit Server VM"/>
    <property name="localRepository" value="/Users/farhadullahrezwan/.m2/repository"/>
    <property name="java.vendor.url.bug" value="http://bugreport.sun.com/bugreport/"/>
    <property name="java.io.tmpdir" value="/var/folders/3b/st_xyjd526q8vd1czvyn0_z00000gn/T/"/>
    <property name="java.version" value="1.8.0_241"/>
    <property name="user.dir" value="/Users/farhadullahrezwan/Desktop/GitHUBRoot.nosync/fit5171_2020_05/assignment2"/>
    <property name="os.arch" value="x86_64"/>
    <property name="java.vm.specification.name" value="Java Virtual Machine Specification"/>
    <property name="java.awt.printerjob" value="sun.lwawt.macosx.CPrinterJob"/>
    <property name="sun.os.patch.level" value="unknown"/>
    <property name="idea.version2019.3.4" value="true"/>
    <property name="java.library.path" value="/Users/farhadullahrezwan/Library/Java/Extensions:/Library/Java/Extensions:/Network/Library/Java/Extensions:/System/Library/Java/Extensions:/usr/lib/java:."/>
    <property name="java.vm.info" value="mixed mode"/>
    <property name="java.vendor" value="Oracle Corporation"/>
    <property name="java.vm.version" value="25.241-b07"/>
    <property name="java.ext.dirs" value="/Users/farhadullahrezwan/Library/Java/Extensions:/Library/Java/JavaVirtualMachines/jdk1.8.0_241.jdk/Contents/Home/jre/lib/ext:/Library/Java/Extensions:/Network/Library/Java/Extensions:/System/Library/Java/Extensions:/usr/lib/java"/>
    <property name="sun.io.unicode.encoding" value="UnicodeBig"/>
    <property name="java.class.version" value="52.0"/>
    <property name="socksNonProxyHosts" value="local|*.local|169.254/16|*.169.254/16"/>
  </properties>
  <testcase name="musicianCannotBeNull" classname="allaboutecm.model.MusicianInstrumentTest" time="0.001"/>
</testsuite>