<?xml version="1.0" encoding="UTF-8"?>
<testsuite xmlns:xsi="http://www.w3.org/2001/XMLSchema-instance" xsi:noNamespaceSchemaLocation="https://maven.apache.org/surefire/maven-surefire-plugin/xsd/surefire-test-report-3.0.xsd" version="3.0" name="allaboutecm.model.ReviewUnitTest" time="10.117" tests="17" errors="0" skipped="0" failures="0">
  <properties>
    <property name="gopherProxySet" value="false"/>
    <property name="awt.toolkit" value="sun.lwawt.macosx.LWCToolkit"/>
    <property name="file.encoding.pkg" value="sun.io"/>
    <property name="java.specification.version" value="1.8"/>
    <property name="sun.cpu.isalist" value=""/>
    <property name="sun.jnu.encoding" value="UTF-8"/>
    <property name="java.class.path" value="/Users/farhadullahrezwan/Desktop/GitHUBRoot.nosync/fit5171_2020_05/assignment1/target/test-classes:/Users/farhadullahrezwan/Desktop/GitHUBRoot.nosync/fit5171_2020_05/assignment1/target/classes:/Users/farhadullahrezwan/.m2/repository/org/junit/jupiter/junit-jupiter-engine/5.6.0/junit-jupiter-engine-5.6.0.jar:/Users/farhadullahrezwan/.m2/repository/org/apiguardian/apiguardian-api/1.1.0/apiguardian-api-1.1.0.jar:/Users/farhadullahrezwan/.m2/repository/org/junit/platform/junit-platform-engine/1.6.0/junit-platform-engine-1.6.0.jar:/Users/farhadullahrezwan/.m2/repository/org/opentest4j/opentest4j/1.2.0/opentest4j-1.2.0.jar:/Users/farhadullahrezwan/.m2/repository/org/junit/platform/junit-platform-commons/1.6.0/junit-platform-commons-1.6.0.jar:/Users/farhadullahrezwan/.m2/repository/org/junit/jupiter/junit-jupiter-api/5.6.0/junit-jupiter-api-5.6.0.jar:/Users/farhadullahrezwan/.m2/repository/org/junit/jupiter/junit-jupiter-params/5.6.0/junit-jupiter-params-5.6.0.jar:/Users/farhadullahrezwan/.m2/repository/com/google/guava/guava/28.2-jre/guava-28.2-jre.jar:/Users/farhadullahrezwan/.m2/repository/com/google/guava/failureaccess/1.0.1/failureaccess-1.0.1.jar:/Users/farhadullahrezwan/.m2/repository/com/google/guava/listenablefuture/9999.0-empty-to-avoid-conflict-with-guava/listenablefuture-9999.0-empty-to-avoid-conflict-with-guava.jar:/Users/farhadullahrezwan/.m2/repository/com/google/code/findbugs/jsr305/3.0.2/jsr305-3.0.2.jar:/Users/farhadullahrezwan/.m2/repository/org/checkerframework/checker-qual/2.10.0/checker-qual-2.10.0.jar:/Users/farhadullahrezwan/.m2/repository/com/google/errorprone/error_prone_annotations/2.3.4/error_prone_annotations-2.3.4.jar:/Users/farhadullahrezwan/.m2/repository/com/google/j2objc/j2objc-annotations/1.3/j2objc-annotations-1.3.jar:/Users/farhadullahrezwan/.m2/repository/org/apache/commons/commons-lang3/3.10/commons-lang3-3.10.jar:/Users/farhadullahrezwan/.m2/repository/org/apache/commons/commons-csv/1.8/commons-csv-1.8.jar:"/>
    <property name="java.vm.vendor" value="Oracle Corporation"/>
    <property name="sun.arch.data.model" value="64"/>
    <property name="java.vendor.url" value="http://java.oracle.com/"/>
    <property name="user.timezone" value=""/>
    <property name="java.vm.specification.version" value="1.8"/>
    <property name="os.name" value="Mac OS X"/>
    <property name="user.country" value="AU"/>
    <property name="sun.java.launcher" value="SUN_STANDARD"/>
    <property name="sun.boot.library.path" value="/Library/Java/JavaVirtualMachines/jdk1.8.0_241.jdk/Contents/Home/jre/lib"/>
    <property name="sun.java.command" value="/Users/farhadullahrezwan/Desktop/GitHUBRoot.nosync/fit5171_2020_05/assignment1/target/surefire/surefirebooter1265309689934333813.jar /Users/farhadullahrezwan/Desktop/GitHUBRoot.nosync/fit5171_2020_05/assignment1/target/surefire 2020-04-19T20-35-15_882-jvmRun1 surefire4545420196195435717tmp surefire_04389898378491100026tmp"/>
    <property name="http.nonProxyHosts" value="local|*.local|169.254/16|*.169.254/16"/>
    <property name="surefire.test.class.path" value="/Users/farhadullahrezwan/Desktop/GitHUBRoot.nosync/fit5171_2020_05/assignment1/target/test-classes:/Users/farhadullahrezwan/Desktop/GitHUBRoot.nosync/fit5171_2020_05/assignment1/target/classes:/Users/farhadullahrezwan/.m2/repository/org/junit/jupiter/junit-jupiter-engine/5.6.0/junit-jupiter-engine-5.6.0.jar:/Users/farhadullahrezwan/.m2/repository/org/apiguardian/apiguardian-api/1.1.0/apiguardian-api-1.1.0.jar:/Users/farhadullahrezwan/.m2/repository/org/junit/platform/junit-platform-engine/1.6.0/junit-platform-engine-1.6.0.jar:/Users/farhadullahrezwan/.m2/repository/org/opentest4j/opentest4j/1.2.0/opentest4j-1.2.0.jar:/Users/farhadullahrezwan/.m2/repository/org/junit/platform/junit-platform-commons/1.6.0/junit-platform-commons-1.6.0.jar:/Users/farhadullahrezwan/.m2/repository/org/junit/jupiter/junit-jupiter-api/5.6.0/junit-jupiter-api-5.6.0.jar:/Users/farhadullahrezwan/.m2/repository/org/junit/jupiter/junit-jupiter-params/5.6.0/junit-jupiter-params-5.6.0.jar:/Users/farhadullahrezwan/.m2/repository/com/google/guava/guava/28.2-jre/guava-28.2-jre.jar:/Users/farhadullahrezwan/.m2/repository/com/google/guava/failureaccess/1.0.1/failureaccess-1.0.1.jar:/Users/farhadullahrezwan/.m2/repository/com/google/guava/listenablefuture/9999.0-empty-to-avoid-conflict-with-guava/listenablefuture-9999.0-empty-to-avoid-conflict-with-guava.jar:/Users/farhadullahrezwan/.m2/repository/com/google/code/findbugs/jsr305/3.0.2/jsr305-3.0.2.jar:/Users/farhadullahrezwan/.m2/repository/org/checkerframework/checker-qual/2.10.0/checker-qual-2.10.0.jar:/Users/farhadullahrezwan/.m2/repository/com/google/errorprone/error_prone_annotations/2.3.4/error_prone_annotations-2.3.4.jar:/Users/farhadullahrezwan/.m2/repository/com/google/j2objc/j2objc-annotations/1.3/j2objc-annotations-1.3.jar:/Users/farhadullahrezwan/.m2/repository/org/apache/commons/commons-lang3/3.10/commons-lang3-3.10.jar:/Users/farhadullahrezwan/.m2/repository/org/apache/commons/commons-csv/1.8/commons-csv-1.8.jar:"/>
    <property name="sun.cpu.endian" value="little"/>
    <property name="user.home" value="/Users/farhadullahrezwan"/>
    <property name="user.language" value="en"/>
    <property name="java.specification.vendor" value="Oracle Corporation"/>
    <property name="java.home" value="/Library/Java/JavaVirtualMachines/jdk1.8.0_241.jdk/Contents/Home/jre"/>
    <property name="basedir" value="/Users/farhadullahrezwan/Desktop/GitHUBRoot.nosync/fit5171_2020_05/assignment1"/>
    <property name="file.separator" value="/"/>
    <property name="line.separator" value="&#10;"/>
    <property name="java.vm.specification.vendor" value="Oracle Corporation"/>
    <property name="java.specification.name" value="Java Platform API Specification"/>
    <property name="java.awt.graphicsenv" value="sun.awt.CGraphicsEnvironment"/>
    <property name="surefire.real.class.path" value="/Users/farhadullahrezwan/Desktop/GitHUBRoot.nosync/fit5171_2020_05/assignment1/target/surefire/surefirebooter1265309689934333813.jar"/>
    <property name="sun.boot.class.path" value="/Library/Java/JavaVirtualMachines/jdk1.8.0_241.jdk/Contents/Home/jre/lib/resources.jar:/Library/Java/JavaVirtualMachines/jdk1.8.0_241.jdk/Contents/Home/jre/lib/rt.jar:/Library/Java/JavaVirtualMachines/jdk1.8.0_241.jdk/Contents/Home/jre/lib/sunrsasign.jar:/Library/Java/JavaVirtualMachines/jdk1.8.0_241.jdk/Contents/Home/jre/lib/jsse.jar:/Library/Java/JavaVirtualMachines/jdk1.8.0_241.jdk/Contents/Home/jre/lib/jce.jar:/Library/Java/JavaVirtualMachines/jdk1.8.0_241.jdk/Contents/Home/jre/lib/charsets.jar:/Library/Java/JavaVirtualMachines/jdk1.8.0_241.jdk/Contents/Home/jre/lib/jfr.jar:/Library/Java/JavaVirtualMachines/jdk1.8.0_241.jdk/Contents/Home/jre/classes"/>
    <property name="sun.management.compiler" value="HotSpot 64-Bit Tiered Compilers"/>
    <property name="ftp.nonProxyHosts" value="local|*.local|169.254/16|*.169.254/16"/>
    <property name="java.runtime.version" value="1.8.0_241-b07"/>
    <property name="user.name" value="farhadullahrezwan"/>
    <property name="path.separator" value=":"/>
    <property name="os.version" value="10.15.3"/>
    <property name="java.endorsed.dirs" value="/Library/Java/JavaVirtualMachines/jdk1.8.0_241.jdk/Contents/Home/jre/lib/endorsed"/>
    <property name="java.runtime.name" value="Java(TM) SE Runtime Environment"/>
    <property name="file.encoding" value="UTF-8"/>
    <property name="java.vm.name" value="Java HotSpot(TM) 64-Bit Server VM"/>
    <property name="localRepository" value="/Users/farhadullahrezwan/.m2/repository"/>
    <property name="java.vendor.url.bug" value="http://bugreport.sun.com/bugreport/"/>
    <property name="java.io.tmpdir" value="/var/folders/3b/st_xyjd526q8vd1czvyn0_z00000gn/T/"/>
    <property name="java.version" value="1.8.0_241"/>
    <property name="user.dir" value="/Users/farhadullahrezwan/Desktop/GitHUBRoot.nosync/fit5171_2020_05/assignment1"/>
    <property name="os.arch" value="x86_64"/>
    <property name="java.vm.specification.name" value="Java Virtual Machine Specification"/>
    <property name="java.awt.printerjob" value="sun.lwawt.macosx.CPrinterJob"/>
    <property name="sun.os.patch.level" value="unknown"/>
    <property name="idea.version2019.3.4" value="true"/>
    <property name="java.library.path" value="/Users/farhadullahrezwan/Library/Java/Extensions:/Library/Java/Extensions:/Network/Library/Java/Extensions:/System/Library/Java/Extensions:/usr/lib/java:."/>
    <property name="java.vm.info" value="mixed mode"/>
    <property name="java.vendor" value="Oracle Corporation"/>
    <property name="java.vm.version" value="25.241-b07"/>
    <property name="java.ext.dirs" value="/Users/farhadullahrezwan/Library/Java/Extensions:/Library/Java/JavaVirtualMachines/jdk1.8.0_241.jdk/Contents/Home/jre/lib/ext:/Library/Java/Extensions:/Network/Library/Java/Extensions:/System/Library/Java/Extensions:/usr/lib/java"/>
    <property name="sun.io.unicode.encoding" value="UnicodeBig"/>
    <property name="java.class.version" value="52.0"/>
    <property name="socksNonProxyHosts" value="local|*.local|169.254/16|*.169.254/16"/>
  </properties>
  <testcase name="shouldThrowExceptionWhenWebsiteURLSetToNull" classname="allaboutecm.model.ReviewUnitTest" time="1.113"/>
  <testcase name="reviewCannotBeEmptyOrNull(String)[1]" classname="allaboutecm.model.ReviewUnitTest" time="0.87"/>
  <testcase name="reviewCannotBeEmptyOrNull(String)[2]" classname="allaboutecm.model.ReviewUnitTest" time="0.514"/>
  <testcase name="reviewCannotBeEmptyOrNull(String)[3]" classname="allaboutecm.model.ReviewUnitTest" time="0.523"/>
  <testcase name="shouldReturnProperAlbumURLWhenSet" classname="allaboutecm.model.ReviewUnitTest" time="2.137"/>
  <testcase name="shouldThrowUnknownHostExceptionWhenInvalidWebsiteURLIsSet" classname="allaboutecm.model.ReviewUnitTest" time="0.412"/>
  <testcase name="shouldAcceptIntegerOfWholeNumber(int)[1]" classname="allaboutecm.model.ReviewUnitTest" time="0.405"/>
  <testcase name="shouldAcceptIntegerOfWholeNumber(int)[2]" classname="allaboutecm.model.ReviewUnitTest" time="0.407"/>
  <testcase name="shouldAcceptIntegerOfWholeNumber(int)[3]" classname="allaboutecm.model.ReviewUnitTest" time="0.341"/>
  <testcase name="shouldAcceptIntegerOfWholeNumber(int)[4]" classname="allaboutecm.model.ReviewUnitTest" time="0.347"/>
  <testcase name="sameRatingURLandSameRatingMeansSameReview" classname="allaboutecm.model.ReviewUnitTest" time="0.711"/>
  <testcase name="shouldConstructReview" classname="allaboutecm.model.ReviewUnitTest" time="0.348"/>
  <testcase name="shouldThrowNullPointerExceptionWhenRatingIsSetToNull" classname="allaboutecm.model.ReviewUnitTest" time="0.339"/>
  <testcase name="shouldThrowIllegalArgumentExceptionWhenRatingIsSetToNegative(Double)[1]" classname="allaboutecm.model.ReviewUnitTest" time="0.466"/>
  <testcase name="shouldThrowIllegalArgumentExceptionWhenRatingIsSetToNegative(Double)[2]" classname="allaboutecm.model.ReviewUnitTest" time="0.346"/>
  <testcase name="shouldThrowIllegalArgumentExceptionWhenRatingValueSetOutOfRange(Double)[1]" classname="allaboutecm.model.ReviewUnitTest" time="0.393"/>
  <testcase name="shouldThrowIllegalArgumentExceptionWhenRatingValueSetOutOfRange(Double)[2]" classname="allaboutecm.model.ReviewUnitTest" time="0.379"/>
</testsuite>