<?xml version="1.0" encoding="UTF-8"?>
<testsuite xmlns:xsi="http://www.w3.org/2001/XMLSchema-instance" xsi:noNamespaceSchemaLocation="https://maven.apache.org/surefire/maven-surefire-plugin/xsd/surefire-test-report-3.0.xsd" version="3.0" name="allaboutecm.model.AlbumUnitTest" time="4.296" tests="75" errors="0" skipped="0" failures="0">
  <properties>
    <property name="gopherProxySet" value="false"/>
    <property name="awt.toolkit" value="sun.lwawt.macosx.LWCToolkit"/>
    <property name="file.encoding.pkg" value="sun.io"/>
    <property name="java.specification.version" value="1.8"/>
    <property name="sun.cpu.isalist" value=""/>
    <property name="sun.jnu.encoding" value="UTF-8"/>
    <property name="java.class.path" value="/Users/farhadullahrezwan/Desktop/GitHUBRoot.nosync/fit5171_2020_05/assignment1/target/test-classes:/Users/farhadullahrezwan/Desktop/GitHUBRoot.nosync/fit5171_2020_05/assignment1/target/classes:/Users/farhadullahrezwan/.m2/repository/org/junit/jupiter/junit-jupiter-engine/5.6.0/junit-jupiter-engine-5.6.0.jar:/Users/farhadullahrezwan/.m2/repository/org/apiguardian/apiguardian-api/1.1.0/apiguardian-api-1.1.0.jar:/Users/farhadullahrezwan/.m2/repository/org/junit/platform/junit-platform-engine/1.6.0/junit-platform-engine-1.6.0.jar:/Users/farhadullahrezwan/.m2/repository/org/opentest4j/opentest4j/1.2.0/opentest4j-1.2.0.jar:/Users/farhadullahrezwan/.m2/repository/org/junit/platform/junit-platform-commons/1.6.0/junit-platform-commons-1.6.0.jar:/Users/farhadullahrezwan/.m2/repository/org/junit/jupiter/junit-jupiter-api/5.6.0/junit-jupiter-api-5.6.0.jar:/Users/farhadullahrezwan/.m2/repository/org/junit/jupiter/junit-jupiter-params/5.6.0/junit-jupiter-params-5.6.0.jar:/Users/farhadullahrezwan/.m2/repository/com/google/guava/guava/28.2-jre/guava-28.2-jre.jar:/Users/farhadullahrezwan/.m2/repository/com/google/guava/failureaccess/1.0.1/failureaccess-1.0.1.jar:/Users/farhadullahrezwan/.m2/repository/com/google/guava/listenablefuture/9999.0-empty-to-avoid-conflict-with-guava/listenablefuture-9999.0-empty-to-avoid-conflict-with-guava.jar:/Users/farhadullahrezwan/.m2/repository/com/google/code/findbugs/jsr305/3.0.2/jsr305-3.0.2.jar:/Users/farhadullahrezwan/.m2/repository/org/checkerframework/checker-qual/2.10.0/checker-qual-2.10.0.jar:/Users/farhadullahrezwan/.m2/repository/com/google/errorprone/error_prone_annotations/2.3.4/error_prone_annotations-2.3.4.jar:/Users/farhadullahrezwan/.m2/repository/com/google/j2objc/j2objc-annotations/1.3/j2objc-annotations-1.3.jar:/Users/farhadullahrezwan/.m2/repository/org/apache/commons/commons-lang3/3.10/commons-lang3-3.10.jar:/Users/farhadullahrezwan/.m2/repository/org/apache/commons/commons-csv/1.8/commons-csv-1.8.jar:"/>
    <property name="java.vm.vendor" value="Oracle Corporation"/>
    <property name="sun.arch.data.model" value="64"/>
    <property name="java.vendor.url" value="http://java.oracle.com/"/>
    <property name="user.timezone" value="Australia/Melbourne"/>
    <property name="java.vm.specification.version" value="1.8"/>
    <property name="os.name" value="Mac OS X"/>
    <property name="user.country" value="AU"/>
    <property name="sun.java.launcher" value="SUN_STANDARD"/>
    <property name="sun.boot.library.path" value="/Library/Java/JavaVirtualMachines/jdk1.8.0_241.jdk/Contents/Home/jre/lib"/>
    <property name="sun.java.command" value="/Users/farhadullahrezwan/Desktop/GitHUBRoot.nosync/fit5171_2020_05/assignment1/target/surefire/surefirebooter8958408123458531759.jar /Users/farhadullahrezwan/Desktop/GitHUBRoot.nosync/fit5171_2020_05/assignment1/target/surefire 2020-05-05T20-02-26_756-jvmRun1 surefire8773977733585858263tmp surefire_03432249656408509589tmp"/>
    <property name="http.nonProxyHosts" value="local|*.local|169.254/16|*.169.254/16"/>
    <property name="surefire.test.class.path" value="/Users/farhadullahrezwan/Desktop/GitHUBRoot.nosync/fit5171_2020_05/assignment1/target/test-classes:/Users/farhadullahrezwan/Desktop/GitHUBRoot.nosync/fit5171_2020_05/assignment1/target/classes:/Users/farhadullahrezwan/.m2/repository/org/junit/jupiter/junit-jupiter-engine/5.6.0/junit-jupiter-engine-5.6.0.jar:/Users/farhadullahrezwan/.m2/repository/org/apiguardian/apiguardian-api/1.1.0/apiguardian-api-1.1.0.jar:/Users/farhadullahrezwan/.m2/repository/org/junit/platform/junit-platform-engine/1.6.0/junit-platform-engine-1.6.0.jar:/Users/farhadullahrezwan/.m2/repository/org/opentest4j/opentest4j/1.2.0/opentest4j-1.2.0.jar:/Users/farhadullahrezwan/.m2/repository/org/junit/platform/junit-platform-commons/1.6.0/junit-platform-commons-1.6.0.jar:/Users/farhadullahrezwan/.m2/repository/org/junit/jupiter/junit-jupiter-api/5.6.0/junit-jupiter-api-5.6.0.jar:/Users/farhadullahrezwan/.m2/repository/org/junit/jupiter/junit-jupiter-params/5.6.0/junit-jupiter-params-5.6.0.jar:/Users/farhadullahrezwan/.m2/repository/com/google/guava/guava/28.2-jre/guava-28.2-jre.jar:/Users/farhadullahrezwan/.m2/repository/com/google/guava/failureaccess/1.0.1/failureaccess-1.0.1.jar:/Users/farhadullahrezwan/.m2/repository/com/google/guava/listenablefuture/9999.0-empty-to-avoid-conflict-with-guava/listenablefuture-9999.0-empty-to-avoid-conflict-with-guava.jar:/Users/farhadullahrezwan/.m2/repository/com/google/code/findbugs/jsr305/3.0.2/jsr305-3.0.2.jar:/Users/farhadullahrezwan/.m2/repository/org/checkerframework/checker-qual/2.10.0/checker-qual-2.10.0.jar:/Users/farhadullahrezwan/.m2/repository/com/google/errorprone/error_prone_annotations/2.3.4/error_prone_annotations-2.3.4.jar:/Users/farhadullahrezwan/.m2/repository/com/google/j2objc/j2objc-annotations/1.3/j2objc-annotations-1.3.jar:/Users/farhadullahrezwan/.m2/repository/org/apache/commons/commons-lang3/3.10/commons-lang3-3.10.jar:/Users/farhadullahrezwan/.m2/repository/org/apache/commons/commons-csv/1.8/commons-csv-1.8.jar:"/>
    <property name="sun.cpu.endian" value="little"/>
    <property name="user.home" value="/Users/farhadullahrezwan"/>
    <property name="user.language" value="en"/>
    <property name="java.specification.vendor" value="Oracle Corporation"/>
    <property name="java.home" value="/Library/Java/JavaVirtualMachines/jdk1.8.0_241.jdk/Contents/Home/jre"/>
    <property name="basedir" value="/Users/farhadullahrezwan/Desktop/GitHUBRoot.nosync/fit5171_2020_05/assignment1"/>
    <property name="file.separator" value="/"/>
    <property name="line.separator" value="&#10;"/>
    <property name="java.vm.specification.vendor" value="Oracle Corporation"/>
    <property name="java.specification.name" value="Java Platform API Specification"/>
    <property name="java.awt.graphicsenv" value="sun.awt.CGraphicsEnvironment"/>
    <property name="surefire.real.class.path" value="/Users/farhadullahrezwan/Desktop/GitHUBRoot.nosync/fit5171_2020_05/assignment1/target/surefire/surefirebooter8958408123458531759.jar"/>
    <property name="sun.boot.class.path" value="/Library/Java/JavaVirtualMachines/jdk1.8.0_241.jdk/Contents/Home/jre/lib/resources.jar:/Library/Java/JavaVirtualMachines/jdk1.8.0_241.jdk/Contents/Home/jre/lib/rt.jar:/Library/Java/JavaVirtualMachines/jdk1.8.0_241.jdk/Contents/Home/jre/lib/sunrsasign.jar:/Library/Java/JavaVirtualMachines/jdk1.8.0_241.jdk/Contents/Home/jre/lib/jsse.jar:/Library/Java/JavaVirtualMachines/jdk1.8.0_241.jdk/Contents/Home/jre/lib/jce.jar:/Library/Java/JavaVirtualMachines/jdk1.8.0_241.jdk/Contents/Home/jre/lib/charsets.jar:/Library/Java/JavaVirtualMachines/jdk1.8.0_241.jdk/Contents/Home/jre/lib/jfr.jar:/Library/Java/JavaVirtualMachines/jdk1.8.0_241.jdk/Contents/Home/jre/classes"/>
    <property name="sun.management.compiler" value="HotSpot 64-Bit Tiered Compilers"/>
    <property name="ftp.nonProxyHosts" value="local|*.local|169.254/16|*.169.254/16"/>
    <property name="java.runtime.version" value="1.8.0_241-b07"/>
    <property name="user.name" value="farhadullahrezwan"/>
    <property name="path.separator" value=":"/>
    <property name="os.version" value="10.15.4"/>
    <property name="java.endorsed.dirs" value="/Library/Java/JavaVirtualMachines/jdk1.8.0_241.jdk/Contents/Home/jre/lib/endorsed"/>
    <property name="java.runtime.name" value="Java(TM) SE Runtime Environment"/>
    <property name="file.encoding" value="UTF-8"/>
    <property name="java.vm.name" value="Java HotSpot(TM) 64-Bit Server VM"/>
    <property name="localRepository" value="/Users/farhadullahrezwan/.m2/repository"/>
    <property name="java.vendor.url.bug" value="http://bugreport.sun.com/bugreport/"/>
    <property name="java.io.tmpdir" value="/var/folders/3b/st_xyjd526q8vd1czvyn0_z00000gn/T/"/>
    <property name="java.version" value="1.8.0_241"/>
    <property name="user.dir" value="/Users/farhadullahrezwan/Desktop/GitHUBRoot.nosync/fit5171_2020_05/assignment1"/>
    <property name="os.arch" value="x86_64"/>
    <property name="java.vm.specification.name" value="Java Virtual Machine Specification"/>
    <property name="java.awt.printerjob" value="sun.lwawt.macosx.CPrinterJob"/>
    <property name="sun.os.patch.level" value="unknown"/>
    <property name="idea.version2019.3.4" value="true"/>
    <property name="java.library.path" value="/Users/farhadullahrezwan/Library/Java/Extensions:/Library/Java/Extensions:/Network/Library/Java/Extensions:/System/Library/Java/Extensions:/usr/lib/java:."/>
    <property name="java.vm.info" value="mixed mode"/>
    <property name="java.vendor" value="Oracle Corporation"/>
    <property name="java.vm.version" value="25.241-b07"/>
    <property name="java.ext.dirs" value="/Users/farhadullahrezwan/Library/Java/Extensions:/Library/Java/JavaVirtualMachines/jdk1.8.0_241.jdk/Contents/Home/jre/lib/ext:/Library/Java/Extensions:/Network/Library/Java/Extensions:/System/Library/Java/Extensions:/usr/lib/java"/>
    <property name="sun.io.unicode.encoding" value="UnicodeBig"/>
    <property name="java.class.version" value="52.0"/>
    <property name="socksNonProxyHosts" value="local|*.local|169.254/16|*.169.254/16"/>
  </properties>
  <testcase name="shouldAcceptProperRecordNumber(String)[1]" classname="allaboutecm.model.AlbumUnitTest" time="0.02"/>
  <testcase name="shouldAcceptProperRecordNumber(String)[2]" classname="allaboutecm.model.AlbumUnitTest" time="0"/>
  <testcase name="twoMusicianNamesShouldReferSameMusician" classname="allaboutecm.model.AlbumUnitTest" time="0.003"/>
  <testcase name="shouldThrowNullPointerExceptionWhenGenreSetToNull" classname="allaboutecm.model.AlbumUnitTest" time="0.001"/>
  <testcase name="genreCannotBeEmptyOrBlank(String)[1]" classname="allaboutecm.model.AlbumUnitTest" time="0.001"/>
  <testcase name="genreCannotBeEmptyOrBlank(String)[2]" classname="allaboutecm.model.AlbumUnitTest" time="0.001"/>
  <testcase name="genreCannotBeEmptyOrBlank(String)[3]" classname="allaboutecm.model.AlbumUnitTest" time="0.001"/>
  <testcase name="shouldAcceptProperAlbumName(String)[1]" classname="allaboutecm.model.AlbumUnitTest" time="0.001"/>
  <testcase name="shouldAcceptProperAlbumName(String)[2]" classname="allaboutecm.model.AlbumUnitTest" time="0.002"/>
  <testcase name="shouldAcceptProperAlbumName(String)[3]" classname="allaboutecm.model.AlbumUnitTest" time="0.001"/>
  <testcase name="shouldAcceptProperAlbumName(String)[4]" classname="allaboutecm.model.AlbumUnitTest" time="0.001"/>
  <testcase name="recordNumberShouldOnlyAcceptPredefinedPrefixWithSpace(String)[1]" classname="allaboutecm.model.AlbumUnitTest" time="0.001"/>
  <testcase name="recordNumberShouldOnlyAcceptPredefinedPrefixWithSpace(String)[2]" classname="allaboutecm.model.AlbumUnitTest" time="0.001"/>
  <testcase name="albumNameCannotBeEmptyOrBlank(String)[1]" classname="allaboutecm.model.AlbumUnitTest" time="0.004"/>
  <testcase name="albumNameCannotBeEmptyOrBlank(String)[2]" classname="allaboutecm.model.AlbumUnitTest" time="0"/>
  <testcase name="albumNameCannotBeEmptyOrBlank(String)[3]" classname="allaboutecm.model.AlbumUnitTest" time="0.001"/>
  <testcase name="shouldThrowNullPointerExceptionWhenTrackSetToNull" classname="allaboutecm.model.AlbumUnitTest" time="0.002"/>
  <testcase name="twoReviewWithSameReviewWebsiteURLandRatingShouldReturnSameReview" classname="allaboutecm.model.AlbumUnitTest" time="0.598"/>
  <testcase name="shouldThrowExceptionWhenAlbumURLSetToNull" classname="allaboutecm.model.AlbumUnitTest" time="0.001"/>
  <testcase name="releaseYearShouldBeBetween1970AndCurrent" classname="allaboutecm.model.AlbumUnitTest" time="0.01"/>
  <testcase name="shouldAcceptValidReleaseFormats(String)[1]" classname="allaboutecm.model.AlbumUnitTest" time="0"/>
  <testcase name="shouldAcceptValidReleaseFormats(String)[2]" classname="allaboutecm.model.AlbumUnitTest" time="0"/>
  <testcase name="shouldAcceptValidReleaseFormats(String)[3]" classname="allaboutecm.model.AlbumUnitTest" time="0"/>
  <testcase name="shouldAcceptValidReleaseFormats(String)[4]" classname="allaboutecm.model.AlbumUnitTest" time="0"/>
  <testcase name="shouldAcceptValidReleaseFormats(String)[5]" classname="allaboutecm.model.AlbumUnitTest" time="0"/>
  <testcase name="shouldThrowExceptionWhenFeaturedMusicianSetToNull" classname="allaboutecm.model.AlbumUnitTest" time="0.003"/>
  <testcase name="releaseFormatCannotBeEmptyOrBlank(String)[1]" classname="allaboutecm.model.AlbumUnitTest" time="0.001"/>
  <testcase name="releaseFormatCannotBeEmptyOrBlank(String)[2]" classname="allaboutecm.model.AlbumUnitTest" time="0.001"/>
  <testcase name="releaseFormatCannotBeEmptyOrBlank(String)[3]" classname="allaboutecm.model.AlbumUnitTest" time="0.001"/>
  <testcase name="shouldThrowIllegalArgumentExceptionWhenHostnameDoesNotContainEcmecords" classname="allaboutecm.model.AlbumUnitTest" time="0.763"/>
  <testcase name="shouldThrowExceptionWhenRecordNumberSetToNull" classname="allaboutecm.model.AlbumUnitTest" time="0.001"/>
  <testcase name="shouldAcceptProperGenre(String)[1]" classname="allaboutecm.model.AlbumUnitTest" time="0.001"/>
  <testcase name="shouldAcceptProperGenre(String)[2]" classname="allaboutecm.model.AlbumUnitTest" time="0"/>
  <testcase name="shouldAcceptProperGenre(String)[3]" classname="allaboutecm.model.AlbumUnitTest" time="0"/>
  <testcase name="shouldAcceptProperGenre(String)[4]" classname="allaboutecm.model.AlbumUnitTest" time="0.001"/>
  <testcase name="shouldAcceptProperGenre(String)[5]" classname="allaboutecm.model.AlbumUnitTest" time="0.003"/>
  <testcase name="shouldAcceptProperGenre(String)[6]" classname="allaboutecm.model.AlbumUnitTest" time="0.001"/>
  <testcase name="shouldThrowIllegalArgumentExceptionWhenGenreSetInvalidValues(String)[1]" classname="allaboutecm.model.AlbumUnitTest" time="0.001"/>
  <testcase name="shouldThrowIllegalArgumentExceptionWhenGenreSetInvalidValues(String)[2]" classname="allaboutecm.model.AlbumUnitTest" time="0"/>
  <testcase name="shouldThrowIllegalArgumentExceptionWhenGenreSetInvalidValues(String)[3]" classname="allaboutecm.model.AlbumUnitTest" time="0"/>
  <testcase name="shouldThrowIllegalArgumentExceptionWhenGenreSetInvalidValues(String)[4]" classname="allaboutecm.model.AlbumUnitTest" time="0"/>
  <testcase name="shouldThrowIllegalArgumentExceptionWhenGenreSetInvalidValues(String)[5]" classname="allaboutecm.model.AlbumUnitTest" time="0"/>
  <testcase name="shouldThrowIllegalArgumentExceptionWhenGenreSetInvalidValues(String)[6]" classname="allaboutecm.model.AlbumUnitTest" time="0.001"/>
  <testcase name="shouldThrowIllegalArgumentExceptionWhenGenreSetInvalidValues(String)[7]" classname="allaboutecm.model.AlbumUnitTest" time="0.001"/>
  <testcase name="shouldThrowIllegalArgumentExceptionPrefixCaseIsNotFollowed" classname="allaboutecm.model.AlbumUnitTest" time="0.001"/>
  <testcase name="twoMusicalInstrumentShouldReferSameMusicianAndSameMusicalInstrumentOfMusicianInstrumentAttribute" classname="allaboutecm.model.AlbumUnitTest" time="0.002"/>
  <testcase name="test" classname="allaboutecm.model.AlbumUnitTest" time="0.002"/>
  <testcase name="shouldReturnCorrectValueWhichIsSetForReleaseYear" classname="allaboutecm.model.AlbumUnitTest" time="0.001"/>
  <testcase name="shouldThrowNullPointerExceptionWhenAlbumReviewSetNull" classname="allaboutecm.model.AlbumUnitTest" time="0.001"/>
  <testcase name="shouldConstructAlbum" classname="allaboutecm.model.AlbumUnitTest" time="0"/>
  <testcase name="shouldReturnProperECMURL" classname="allaboutecm.model.AlbumUnitTest" time="2.773"/>
  <testcase name="twoTracksWithSameNameAndLengthShouldReferSameTrack" classname="allaboutecm.model.AlbumUnitTest" time="0.002"/>
  <testcase name="sameNameAndNumberMeansSameAlbum" classname="allaboutecm.model.AlbumUnitTest" time="0"/>
  <testcase name="shouldThrowExceptionWhenAlbumNameSetToNull" classname="allaboutecm.model.AlbumUnitTest" time="0"/>
  <testcase name="shouldThrowIllegalArgumentExceptionWhenAlbumNameIsSetALetter(String)[1]" classname="allaboutecm.model.AlbumUnitTest" time="0.001"/>
  <testcase name="shouldThrowIllegalArgumentExceptionWhenAlbumNameIsSetALetter(String)[2]" classname="allaboutecm.model.AlbumUnitTest" time="0"/>
  <testcase name="shouldThrowIllegalArgumentExceptionWhenAlbumNameIsSetALetter(String)[3]" classname="allaboutecm.model.AlbumUnitTest" time="0"/>
  <testcase name="shouldThrowIllegalArgumentExceptionWhenAlbumNameIsSetALetter(String)[4]" classname="allaboutecm.model.AlbumUnitTest" time="0"/>
  <testcase name="shouldThrowIllegalArgumentExceptionWhenAlbumNameIsSetALetter(String)[5]" classname="allaboutecm.model.AlbumUnitTest" time="0"/>
  <testcase name="shouldThrowIllegalArgumentExceptionWhenAlbumNameIsSetALetter(String)[6]" classname="allaboutecm.model.AlbumUnitTest" time="0"/>
  <testcase name="shouldThrowIllegalArgumentExceptionWhenAlbumNameIsSetALetter(String)[7]" classname="allaboutecm.model.AlbumUnitTest" time="0"/>
  <testcase name="recordNumberShouldOnlyAcceptSuffixOfNumber(String)[1]" classname="allaboutecm.model.AlbumUnitTest" time="0.001"/>
  <testcase name="recordNumberShouldOnlyAcceptSuffixOfNumber(String)[2]" classname="allaboutecm.model.AlbumUnitTest" time="0"/>
  <testcase name="recordNumberShouldReturnProperValueAddingAndUpdating" classname="allaboutecm.model.AlbumUnitTest" time="0.001"/>
  <testcase name="recordNumberCanOnlyAcceptAlphanumericWithSpaceORWithForwardSlash(String)[1]" classname="allaboutecm.model.AlbumUnitTest" time="0"/>
  <testcase name="recordNumberCanOnlyAcceptAlphanumericWithSpaceORWithForwardSlash(String)[2]" classname="allaboutecm.model.AlbumUnitTest" time="0"/>
  <testcase name="recordNumberCanOnlyAcceptAlphanumericWithSpaceORWithForwardSlash(String)[3]" classname="allaboutecm.model.AlbumUnitTest" time="0"/>
  <testcase name="shouldThrowUnknownHostExceptionWhenInvalidURLIsSet" classname="allaboutecm.model.AlbumUnitTest" time="0.001"/>
  <testcase name="shouldThrowExceptionWhenSetInstrumentsSetToNull" classname="allaboutecm.model.AlbumUnitTest" time="0.001"/>
  <testcase name="shouldRejectInvalidReleaseFormats(String)[1]" classname="allaboutecm.model.AlbumUnitTest" time="0.001"/>
  <testcase name="shouldRejectInvalidReleaseFormats(String)[2]" classname="allaboutecm.model.AlbumUnitTest" time="0.001"/>
  <testcase name="shouldRejectInvalidReleaseFormats(String)[3]" classname="allaboutecm.model.AlbumUnitTest" time="0"/>
  <testcase name="shouldRejectInvalidReleaseFormats(String)[4]" classname="allaboutecm.model.AlbumUnitTest" time="0"/>
  <testcase name="shouldRejectInvalidReleaseFormats(String)[5]" classname="allaboutecm.model.AlbumUnitTest" time="0"/>
  <testcase name="shouldThrowNullPointerExceptionWhenAlbumReleaseFormatSetNull" classname="allaboutecm.model.AlbumUnitTest" time="0.001"/>
</testsuite>